2009-03-22 13:41:59 Warning: Warning (512): Method HtmlHelper::img does not exist in [CORE/cake/libs/view/helper.php, line 143]
2009-05-10 10:46:14 Warning: Warning (2): Invalid argument supplied for foreach() in [APP/app_controller.php, line 97]
2009-05-12 21:41:08 Warning: Warning (512): DbAcl::check() - Failed ARO/ACO node lookup in permissions check.  Node references:
Aro: Array
(
    [User] => Array
        (
            [id] => 3
            [first_name] => Jean-Charles
            [last_name] => Dufeu
            [slug] => jc
            [username] => jeancharles
            [email] => jeancharles@almost-musique.com
            [short_desc] => 
            [long_desc] => 
            [activity] => 1
            [group_id] => 1
            [signature] => Jean-Charles
            [created] => 2009-05-10 20:40:54
            [modified] => 2009-05-12 20:51:16
            [last_login] => 2009-05-12 20:50:00
            [mobile_phone] => 
        )

)

Aco: Tags/admin_index in [CORE/cake/libs/controller/components/acl.php, line 239]
2009-05-12 21:41:08 Warning: Warning (2): Cannot modify header information - headers already sent by (output started at /Users/guillaumesautereau/Documents/workspace/popnews_v2/cake/cake/basics.php:111) in [CORE/cake/libs/controller/controller.php, line 640]
2009-05-12 22:03:42 Warning: Warning (512): DbAcl::check() - Failed ARO/ACO node lookup in permissions check.  Node references:
Aro: Array
(
    [User] => Array
        (
            [id] => 3
            [first_name] => Jean-Charles
            [last_name] => Dufeu
            [slug] => jc
            [username] => jeancharles
            [email] => jeancharles@almost-musique.com
            [short_desc] => 
            [long_desc] => 
            [activity] => 1
            [group_id] => 1
            [signature] => Jean-Charles
            [created] => 2009-05-10 20:40:54
            [modified] => 2009-05-12 20:51:16
            [last_login] => 2009-05-12 20:50:00
            [mobile_phone] => 
        )

)

Aco: Tags/view in [CORE/cake/libs/controller/components/acl.php, line 239]
2009-05-12 22:03:42 Warning: Warning (2): Cannot modify header information - headers already sent by (output started at /Users/guillaumesautereau/Documents/workspace/popnews_v2/cake/cake/basics.php:111) in [CORE/cake/libs/controller/controller.php, line 640]
2009-05-12 22:44:50 Warning: Warning (512): DbAcl::check() - Failed ARO/ACO node lookup in permissions check.  Node references:
Aro: Array
(
    [User] => Array
        (
            [id] => 3
            [first_name] => Jean-Charles
            [last_name] => Dufeu
            [slug] => jc
            [username] => jeancharles
            [email] => jeancharles@almost-musique.com
            [short_desc] => 
            [long_desc] => 
            [activity] => 1
            [group_id] => 1
            [signature] => Jean-Charles
            [created] => 2009-05-10 20:40:54
            [modified] => 2009-05-12 20:51:16
            [last_login] => 2009-05-12 20:50:00
            [mobile_phone] => 
        )

)

Aco: Tags/view in [CORE/cake/libs/controller/components/acl.php, line 239]
2009-05-12 22:44:50 Warning: Warning (2): Cannot modify header information - headers already sent by (output started at /Users/guillaumesautereau/Documents/workspace/popnews_v2/cake/cake/basics.php:111) in [CORE/cake/libs/controller/controller.php, line 640]
2009-05-12 23:07:12 Warning: Warning (512): DbAcl::check() - Failed ARO/ACO node lookup in permissions check.  Node references:
Aro: Array
(
    [User] => Array
        (
            [id] => 3
            [first_name] => Jean-Charles
            [last_name] => Dufeu
            [slug] => jc
            [username] => jeancharles
            [email] => jeancharles@almost-musique.com
            [short_desc] => 
            [long_desc] => 
            [activity] => 1
            [group_id] => 1
            [signature] => Jean-Charles
            [created] => 2009-05-10 20:40:54
            [modified] => 2009-05-12 20:51:16
            [last_login] => 2009-05-12 20:50:00
            [mobile_phone] => 
        )

)

Aco: Tags/suggest in [CORE/cake/libs/controller/components/acl.php, line 239]
2009-05-12 23:07:13 Warning: Warning (512): Headers already sent in /Users/guillaumesautereau/Documents/workspace/popnews_v2/cake/cake/basics.php on line 111. Cannot send log data to FirePHP. in [APP/plugins/debug_kit/vendors/fire_cake.php, line 297]
2009-05-12 23:07:22 Warning: Warning (512): DbAcl::check() - Failed ARO/ACO node lookup in permissions check.  Node references:
Aro: Array
(
    [User] => Array
        (
            [id] => 3
            [first_name] => Jean-Charles
            [last_name] => Dufeu
            [slug] => jc
            [username] => jeancharles
            [email] => jeancharles@almost-musique.com
            [short_desc] => 
            [long_desc] => 
            [activity] => 1
            [group_id] => 1
            [signature] => Jean-Charles
            [created] => 2009-05-10 20:40:54
            [modified] => 2009-05-12 20:51:16
            [last_login] => 2009-05-12 20:50:00
            [mobile_phone] => 
        )

)

Aco: Tags/suggest in [CORE/cake/libs/controller/components/acl.php, line 239]
2009-05-12 23:07:22 Warning: Warning (512): Headers already sent in /Users/guillaumesautereau/Documents/workspace/popnews_v2/cake/cake/basics.php on line 111. Cannot send log data to FirePHP. in [APP/plugins/debug_kit/vendors/fire_cake.php, line 297]
2009-05-12 23:12:01 Warning: Warning (512): DbAcl::check() - Failed ARO/ACO node lookup in permissions check.  Node references:
Aro: Array
(
    [User] => Array
        (
            [id] => 3
            [first_name] => Jean-Charles
            [last_name] => Dufeu
            [slug] => jc
            [username] => jeancharles
            [email] => jeancharles@almost-musique.com
            [short_desc] => 
            [long_desc] => 
            [activity] => 1
            [group_id] => 1
            [signature] => Jean-Charles
            [created] => 2009-05-10 20:40:54
            [modified] => 2009-05-12 20:51:16
            [last_login] => 2009-05-12 20:50:00
            [mobile_phone] => 
        )

)

Aco: Tags/suggest in [CORE/cake/libs/controller/components/acl.php, line 239]
2009-05-12 23:12:01 Warning: Warning (512): Headers already sent in /Users/guillaumesautereau/Documents/workspace/popnews_v2/cake/cake/basics.php on line 111. Cannot send log data to FirePHP. in [APP/plugins/debug_kit/vendors/fire_cake.php, line 297]
2009-05-12 23:12:02 Warning: Warning (512): DbAcl::check() - Failed ARO/ACO node lookup in permissions check.  Node references:
Aro: Array
(
    [User] => Array
        (
            [id] => 3
            [first_name] => Jean-Charles
            [last_name] => Dufeu
            [slug] => jc
            [username] => jeancharles
            [email] => jeancharles@almost-musique.com
            [short_desc] => 
            [long_desc] => 
            [activity] => 1
            [group_id] => 1
            [signature] => Jean-Charles
            [created] => 2009-05-10 20:40:54
            [modified] => 2009-05-12 20:51:16
            [last_login] => 2009-05-12 20:50:00
            [mobile_phone] => 
        )

)

Aco: Tags/suggest in [CORE/cake/libs/controller/components/acl.php, line 239]
2009-05-12 23:12:02 Warning: Warning (512): Headers already sent in /Users/guillaumesautereau/Documents/workspace/popnews_v2/cake/cake/basics.php on line 111. Cannot send log data to FirePHP. in [APP/plugins/debug_kit/vendors/fire_cake.php, line 297]
2009-05-12 23:51:17 Warning: Warning (512): DbAcl::check() - Failed ARO/ACO node lookup in permissions check.  Node references:
Aro: Array
(
    [User] => Array
        (
            [id] => 3
            [first_name] => Jean-Charles
            [last_name] => Dufeu
            [slug] => jc
            [username] => jeancharles
            [email] => jeancharles@almost-musique.com
            [short_desc] => 
            [long_desc] => 
            [activity] => 1
            [group_id] => 1
            [signature] => Jean-Charles
            [created] => 2009-05-10 20:40:54
            [modified] => 2009-05-12 20:51:16
            [last_login] => 2009-05-12 20:50:00
            [mobile_phone] => 
        )

)

Aco: Tags/view in [CORE/cake/libs/controller/components/acl.php, line 239]
2009-05-12 23:51:17 Warning: Warning (2): Cannot modify header information - headers already sent by (output started at /Users/guillaumesautereau/Documents/workspace/popnews_v2/cake/cake/basics.php:111) in [CORE/cake/libs/controller/controller.php, line 640]
2009-05-14 20:16:01 Warning: Warning (512): <span style = "color:Red;text-align:left"><b>SQL Error:</b> 1054: Unknown column 'latest' in 'where clause'</span> in [CORE/cake/libs/model/datasources/dbo_source.php, line 525]
2009-05-14 20:32:47 Warning: Warning (512): <span style = "color:Red;text-align:left"><b>SQL Error:</b> 1054: Unknown column 'latest' in 'where clause'</span> in [CORE/cake/libs/model/datasources/dbo_source.php, line 525]
2009-05-14 20:34:39 Warning: Warning (512): <span style = "color:Red;text-align:left"><b>SQL Error:</b> 1054: Unknown column 'latest' in 'where clause'</span> in [CORE/cake/libs/model/datasources/dbo_source.php, line 525]
2009-05-14 20:38:08 Warning: Warning (512): <span style = "color:Red;text-align:left"><b>SQL Error:</b> 1054: Unknown column 'latest' in 'where clause'</span> in [CORE/cake/libs/model/datasources/dbo_source.php, line 525]
2009-05-14 20:38:42 Warning: Warning (512): <span style = "color:Red;text-align:left"><b>SQL Error:</b> 1054: Unknown column 'latest' in 'where clause'</span> in [CORE/cake/libs/model/datasources/dbo_source.php, line 525]
2009-05-14 20:38:57 Warning: Warning (512): <span style = "color:Red;text-align:left"><b>SQL Error:</b> 1054: Unknown column 'latest' in 'where clause'</span> in [CORE/cake/libs/model/datasources/dbo_source.php, line 525]
2009-05-14 20:38:57 Warning: Warning (2): mysql_query() [<a href='http://php.net/function.mysql-query'>function.mysql-query</a>]: Unable to save result set in [CORE/cake/libs/model/datasources/dbo/dbo_mysql.php, line 411]
2009-05-14 20:45:19 Warning: Warning (512): <span style = "color:Red;text-align:left"><b>SQL Error:</b> 1054: Unknown column 'latest' in 'where clause'</span> in [CORE/cake/libs/model/datasources/dbo_source.php, line 525]
2009-05-14 20:45:39 Warning: Warning (512): <span style = "color:Red;text-align:left"><b>SQL Error:</b> 1054: Unknown column 'latest' in 'where clause'</span> in [CORE/cake/libs/model/datasources/dbo_source.php, line 525]
2009-05-14 20:45:39 Warning: Warning (2): mysql_query() [<a href='http://php.net/function.mysql-query'>function.mysql-query</a>]: Unable to save result set in [CORE/cake/libs/model/datasources/dbo/dbo_mysql.php, line 411]
2009-05-14 20:47:15 Warning: Warning (512): <span style = "color:Red;text-align:left"><b>SQL Error:</b> 1054: Unknown column 'latest' in 'where clause'</span> in [CORE/cake/libs/model/datasources/dbo_source.php, line 525]
2009-05-14 20:47:36 Warning: Warning (512): <span style = "color:Red;text-align:left"><b>SQL Error:</b> 1054: Unknown column 'latest' in 'where clause'</span> in [CORE/cake/libs/model/datasources/dbo_source.php, line 525]
2009-05-14 20:47:36 Warning: Warning (2): mysql_query() [<a href='http://php.net/function.mysql-query'>function.mysql-query</a>]: Unable to save result set in [CORE/cake/libs/model/datasources/dbo/dbo_mysql.php, line 411]
2009-05-14 20:47:58 Warning: Warning (512): <span style = "color:Red;text-align:left"><b>SQL Error:</b> 1054: Unknown column 'latest' in 'where clause'</span> in [CORE/cake/libs/model/datasources/dbo_source.php, line 525]
2009-05-15 10:00:11 Warning: Warning (2): Cannot modify header information - headers already sent by (output started at /Users/guillaumesautereau/Sites/almost-musique/models/news.php:25) in [CORE/cake/libs/controller/controller.php, line 640]
2009-05-15 10:00:22 Warning: Warning (2): Cannot modify header information - headers already sent by (output started at /Users/guillaumesautereau/Sites/almost-musique/models/news.php:25) in [CORE/cake/libs/controller/controller.php, line 640]
2009-05-15 13:21:17 Warning: Warning (512): <span style = "color:Red;text-align:left"><b>SQL Error:</b> 1054: Unknown column 'latest' in 'where clause'</span> in [CORE/cake/libs/model/datasources/dbo_source.php, line 525]
2009-05-15 13:37:32 Warning: Warning (2): fopen(/Users/guillaumesautereau/Sites/almost-musique/tmp/cache/persistent/cake_core_dir_map) [<a href='http://php.net/function.fopen'>function.fopen</a>]: failed to open stream: No such file or directory in [CORE/cake/libs/file.php, line 156]
2009-05-15 13:37:33 Warning: Warning (2): Cannot modify header information - headers already sent by (output started at /Users/guillaumesautereau/Documents/workspace/popnews_v2/cake/cake/basics.php:111) in [CORE/cake/dispatcher.php, line 640]
2009-05-15 13:37:33 Warning: Warning (2): Cannot modify header information - headers already sent by (output started at /Users/guillaumesautereau/Documents/workspace/popnews_v2/cake/cake/basics.php:111) in [CORE/cake/dispatcher.php, line 641]
2009-05-15 13:37:33 Warning: Warning (2): Cannot modify header information - headers already sent by (output started at /Users/guillaumesautereau/Documents/workspace/popnews_v2/cake/cake/basics.php:111) in [CORE/cake/dispatcher.php, line 642]
2009-05-15 13:37:33 Warning: Warning (2): Cannot modify header information - headers already sent by (output started at /Users/guillaumesautereau/Documents/workspace/popnews_v2/cake/cake/basics.php:111) in [CORE/cake/dispatcher.php, line 643]
2009-05-15 13:37:33 Warning: Warning (2): Cannot modify header information - headers already sent by (output started at /Users/guillaumesautereau/Documents/workspace/popnews_v2/cake/cake/basics.php:111) in [CORE/cake/dispatcher.php, line 644]
2009-05-15 13:40:23 Warning: Warning (512): <span style = "color:Red;text-align:left"><b>SQL Error:</b> 1054: Unknown column 'latest' in 'where clause'</span> in [CORE/cake/libs/model/datasources/dbo_source.php, line 525]
2009-05-15 13:40:25 Warning: Warning (512): <span style = "color:Red;text-align:left"><b>SQL Error:</b> 1054: Unknown column 'latest' in 'where clause'</span> in [CORE/cake/libs/model/datasources/dbo_source.php, line 525]
2009-05-15 13:40:44 Warning: Warning (512): <span style = "color:Red;text-align:left"><b>SQL Error:</b> 1054: Unknown column 'latest' in 'where clause'</span> in [CORE/cake/libs/model/datasources/dbo_source.php, line 525]
2009-05-15 13:44:40 Warning: Warning (512): <span style = "color:Red;text-align:left"><b>SQL Error:</b> 1054: Unknown column 'latest' in 'where clause'</span> in [CORE/cake/libs/model/datasources/dbo_source.php, line 525]
2009-05-15 13:44:41 Warning: Warning (512): <span style = "color:Red;text-align:left"><b>SQL Error:</b> 1054: Unknown column 'latest' in 'where clause'</span> in [CORE/cake/libs/model/datasources/dbo_source.php, line 525]
2009-05-15 13:44:43 Warning: Warning (512): <span style = "color:Red;text-align:left"><b>SQL Error:</b> 1054: Unknown column 'latest' in 'where clause'</span> in [CORE/cake/libs/model/datasources/dbo_source.php, line 525]
2009-05-15 13:44:43 Warning: Warning (2): mysql_query() [<a href='http://php.net/function.mysql-query'>function.mysql-query</a>]: Unable to save result set in [CORE/cake/libs/model/datasources/dbo/dbo_mysql.php, line 411]
2009-05-15 13:44:44 Warning: Warning (512): <span style = "color:Red;text-align:left"><b>SQL Error:</b> 1054: Unknown column 'latest' in 'where clause'</span> in [CORE/cake/libs/model/datasources/dbo_source.php, line 525]
2009-05-15 13:44:44 Warning: Warning (2): mysql_query() [<a href='http://php.net/function.mysql-query'>function.mysql-query</a>]: Unable to save result set in [CORE/cake/libs/model/datasources/dbo/dbo_mysql.php, line 411]
2009-05-15 13:44:45 Warning: Warning (512): <span style = "color:Red;text-align:left"><b>SQL Error:</b> 1054: Unknown column 'latest' in 'where clause'</span> in [CORE/cake/libs/model/datasources/dbo_source.php, line 525]
2009-05-15 13:46:34 Warning: Warning (512): <span style = "color:Red;text-align:left"><b>SQL Error:</b> 1054: Unknown column 'latest' in 'where clause'</span> in [CORE/cake/libs/model/datasources/dbo_source.php, line 525]
2009-05-15 13:46:37 Warning: Warning (512): <span style = "color:Red;text-align:left"><b>SQL Error:</b> 1054: Unknown column 'latest' in 'where clause'</span> in [CORE/cake/libs/model/datasources/dbo_source.php, line 525]
2009-05-15 13:46:37 Warning: Warning (2): mysql_query() [<a href='http://php.net/function.mysql-query'>function.mysql-query</a>]: Unable to save result set in [CORE/cake/libs/model/datasources/dbo/dbo_mysql.php, line 411]
2009-05-15 13:47:53 Warning: Warning (512): <span style = "color:Red;text-align:left"><b>SQL Error:</b> 1054: Unknown column 'latest' in 'where clause'</span> in [CORE/cake/libs/model/datasources/dbo_source.php, line 525]
2009-05-15 13:47:53 Warning: Warning (2): mysql_query() [<a href='http://php.net/function.mysql-query'>function.mysql-query</a>]: Unable to save result set in [CORE/cake/libs/model/datasources/dbo/dbo_mysql.php, line 411]
2009-05-15 13:47:57 Warning: Warning (512): <span style = "color:Red;text-align:left"><b>SQL Error:</b> 1054: Unknown column 'latest' in 'where clause'</span> in [CORE/cake/libs/model/datasources/dbo_source.php, line 525]
2009-05-15 13:48:44 Warning: Warning (512): <span style = "color:Red;text-align:left"><b>SQL Error:</b> 1054: Unknown column 'latest' in 'where clause'</span> in [CORE/cake/libs/model/datasources/dbo_source.php, line 525]
2009-05-15 13:48:44 Warning: Warning (2): mysql_query() [<a href='http://php.net/function.mysql-query'>function.mysql-query</a>]: Unable to save result set in [CORE/cake/libs/model/datasources/dbo/dbo_mysql.php, line 411]
2009-05-15 13:50:34 Warning: Warning (512): <span style = "color:Red;text-align:left"><b>SQL Error:</b> 1054: Unknown column 'latest' in 'where clause'</span> in [CORE/cake/libs/model/datasources/dbo_source.php, line 525]
2009-05-15 13:50:35 Warning: Warning (2): mysql_query() [<a href='http://php.net/function.mysql-query'>function.mysql-query</a>]: Unable to save result set in [CORE/cake/libs/model/datasources/dbo/dbo_mysql.php, line 411]
2009-05-15 13:50:36 Warning: Warning (512): <span style = "color:Red;text-align:left"><b>SQL Error:</b> 1054: Unknown column 'latest' in 'where clause'</span> in [CORE/cake/libs/model/datasources/dbo_source.php, line 525]
2009-05-15 13:50:36 Warning: Warning (2): mysql_query() [<a href='http://php.net/function.mysql-query'>function.mysql-query</a>]: Unable to save result set in [CORE/cake/libs/model/datasources/dbo/dbo_mysql.php, line 411]
2009-05-15 13:50:37 Warning: Warning (512): <span style = "color:Red;text-align:left"><b>SQL Error:</b> 1054: Unknown column 'latest' in 'where clause'</span> in [CORE/cake/libs/model/datasources/dbo_source.php, line 525]
2009-05-15 13:50:40 Warning: Warning (512): <span style = "color:Red;text-align:left"><b>SQL Error:</b> 1054: Unknown column 'latest' in 'where clause'</span> in [CORE/cake/libs/model/datasources/dbo_source.php, line 525]
2009-05-15 13:56:44 Warning: Warning (512): <span style = "color:Red;text-align:left"><b>SQL Error:</b> 1054: Unknown column 'latest' in 'where clause'</span> in [CORE/cake/libs/model/datasources/dbo_source.php, line 525]
2009-05-15 13:56:49 Warning: Warning (512): <span style = "color:Red;text-align:left"><b>SQL Error:</b> 1054: Unknown column 'latest' in 'where clause'</span> in [CORE/cake/libs/model/datasources/dbo_source.php, line 525]
2009-05-15 13:56:50 Warning: Warning (512): <span style = "color:Red;text-align:left"><b>SQL Error:</b> 1054: Unknown column 'latest' in 'where clause'</span> in [CORE/cake/libs/model/datasources/dbo_source.php, line 525]
2009-05-15 13:56:52 Warning: Warning (512): <span style = "color:Red;text-align:left"><b>SQL Error:</b> 1054: Unknown column 'latest' in 'where clause'</span> in [CORE/cake/libs/model/datasources/dbo_source.php, line 525]
2009-05-15 13:56:52 Warning: Warning (2): mysql_query() [<a href='http://php.net/function.mysql-query'>function.mysql-query</a>]: Unable to save result set in [CORE/cake/libs/model/datasources/dbo/dbo_mysql.php, line 411]
2009-05-15 13:56:52 Warning: Warning (512): <span style = "color:Red;text-align:left"><b>SQL Error:</b> 1054: Unknown column 'latest' in 'where clause'</span> in [CORE/cake/libs/model/datasources/dbo_source.php, line 525]
2009-05-15 13:56:54 Warning: Warning (512): <span style = "color:Red;text-align:left"><b>SQL Error:</b> 1054: Unknown column 'latest' in 'where clause'</span> in [CORE/cake/libs/model/datasources/dbo_source.php, line 525]
2009-05-15 13:56:56 Warning: Warning (512): <span style = "color:Red;text-align:left"><b>SQL Error:</b> 1054: Unknown column 'latest' in 'where clause'</span> in [CORE/cake/libs/model/datasources/dbo_source.php, line 525]
2009-05-15 13:56:56 Warning: Warning (2): mysql_query() [<a href='http://php.net/function.mysql-query'>function.mysql-query</a>]: Unable to save result set in [CORE/cake/libs/model/datasources/dbo/dbo_mysql.php, line 411]
2009-05-15 14:14:35 Warning: Warning (512): <span style = "color:Red;text-align:left"><b>SQL Error:</b> 1054: Unknown column 'latest' in 'where clause'</span> in [CORE/cake/libs/model/datasources/dbo_source.php, line 525]
2009-05-15 14:14:35 Warning: Warning (512): <span style = "color:Red;text-align:left"><b>SQL Error:</b> 1054: Unknown column 'Tag.id' in 'where clause'</span> in [CORE/cake/libs/model/datasources/dbo_source.php, line 525]
2009-05-15 14:14:35 Warning: Warning (2): Invalid argument supplied for foreach() in [APP/plugins/tagging/controllers/tags_controller.php, line 96]
2009-05-15 14:14:35 Warning: Warning (2): mysql_query() [<a href='http://php.net/function.mysql-query'>function.mysql-query</a>]: Unable to save result set in [CORE/cake/libs/model/datasources/dbo/dbo_mysql.php, line 411]
2009-05-15 22:24:47 Warning: Warning (512): <span style = "color:Red;text-align:left"><b>SQL Error:</b> 1054: Unknown column 'latest' in 'where clause'</span> in [CORE/cake/libs/model/datasources/dbo_source.php, line 525]
2009-05-15 22:24:47 Warning: Warning (2): mysql_query() [<a href='http://php.net/function.mysql-query'>function.mysql-query</a>]: Unable to save result set in [CORE/cake/libs/model/datasources/dbo/dbo_mysql.php, line 411]
2009-05-15 22:24:50 Warning: Warning (512): <span style = "color:Red;text-align:left"><b>SQL Error:</b> 1054: Unknown column 'latest' in 'where clause'</span> in [CORE/cake/libs/model/datasources/dbo_source.php, line 525]
2009-05-15 22:24:57 Warning: Warning (512): <span style = "color:Red;text-align:left"><b>SQL Error:</b> 1054: Unknown column 'latest' in 'where clause'</span> in [CORE/cake/libs/model/datasources/dbo_source.php, line 525]
2009-05-15 22:27:33 Warning: Warning (512): <span style = "color:Red;text-align:left"><b>SQL Error:</b> 1054: Unknown column 'latest' in 'where clause'</span> in [CORE/cake/libs/model/datasources/dbo_source.php, line 525]
2009-05-15 22:27:33 Warning: Warning (2): mysql_query() [<a href='http://php.net/function.mysql-query'>function.mysql-query</a>]: Unable to save result set in [CORE/cake/libs/model/datasources/dbo/dbo_mysql.php, line 411]
2009-05-15 22:50:55 Warning: Warning (512): <span style = "color:Red;text-align:left"><b>SQL Error:</b> 1054: Unknown column 'latest' in 'where clause'</span> in [CORE/cake/libs/model/datasources/dbo_source.php, line 525]
2009-05-15 22:50:55 Warning: Warning (2): mysql_query() [<a href='http://php.net/function.mysql-query'>function.mysql-query</a>]: Unable to save result set in [CORE/cake/libs/model/datasources/dbo/dbo_mysql.php, line 411]
2009-05-15 23:36:38 Warning: Warning (2): Missing argument 2 for Model::_findCount(), called in /Users/guillaumesautereau/Sites/almost-musique/app_model.php on line 51 and defined in [CORE/cake/libs/model/model.php, line 2013]
2009-05-15 23:38:32 Warning: Warning (512): <span style = "color:Red;text-align:left"><b>SQL Error:</b> 1054: Unknown column 'Projects.published_date' in 'where clause'</span> in [CORE/cake/libs/model/datasources/dbo_source.php, line 525]
2009-05-15 23:38:32 Warning: Warning (2): mysql_query() [<a href='http://php.net/function.mysql-query'>function.mysql-query</a>]: Unable to save result set in [CORE/cake/libs/model/datasources/dbo/dbo_mysql.php, line 411]
2009-05-15 23:38:32 Warning: Warning (2): Invalid argument supplied for foreach() in [APP/views/projects/admin_index.ctp, line 25]
2009-05-15 23:39:21 Warning: Warning (512): <span style = "color:Red;text-align:left"><b>SQL Error:</b> 1054: Unknown column 'Projects.date_start' in 'where clause'</span> in [CORE/cake/libs/model/datasources/dbo_source.php, line 525]
2009-05-15 23:39:21 Warning: Warning (2): mysql_query() [<a href='http://php.net/function.mysql-query'>function.mysql-query</a>]: Unable to save result set in [CORE/cake/libs/model/datasources/dbo/dbo_mysql.php, line 411]
2009-05-15 23:39:21 Warning: Warning (2): Invalid argument supplied for foreach() in [APP/views/projects/admin_index.ctp, line 25]
2009-05-16 00:15:43 Warning: Warning (512): <span style = "color:Red;text-align:left"><b>SQL Error:</b> 1054: Unknown column 'latest' in 'where clause'</span> in [CORE/cake/libs/model/datasources/dbo_source.php, line 525]
2009-05-16 00:15:43 Warning: Warning (512): <span style = "color:Red;text-align:left"><b>SQL Error:</b> 1054: Unknown column 'Tag.id' in 'where clause'</span> in [CORE/cake/libs/model/datasources/dbo_source.php, line 525]
2009-05-16 00:15:43 Warning: Warning (2): Invalid argument supplied for foreach() in [APP/plugins/tagging/controllers/tags_controller.php, line 96]
2009-05-16 00:15:43 Warning: Warning (2): mysql_query() [<a href='http://php.net/function.mysql-query'>function.mysql-query</a>]: Unable to save result set in [CORE/cake/libs/model/datasources/dbo/dbo_mysql.php, line 411]
2009-05-16 00:24:16 Warning: Warning (512): <span style = "color:Red;text-align:left"><b>SQL Error:</b> 1054: Unknown column 'latest' in 'where clause'</span> in [CORE/cake/libs/model/datasources/dbo_source.php, line 525]
2009-05-16 00:24:16 Warning: Warning (512): <span style = "color:Red;text-align:left"><b>SQL Error:</b> 1054: Unknown column 'Tag.id' in 'where clause'</span> in [CORE/cake/libs/model/datasources/dbo_source.php, line 525]
2009-05-16 00:24:16 Warning: Warning (2): Invalid argument supplied for foreach() in [APP/plugins/tagging/controllers/tags_controller.php, line 96]
2009-05-16 00:24:16 Warning: Warning (2): mysql_query() [<a href='http://php.net/function.mysql-query'>function.mysql-query</a>]: Unable to save result set in [CORE/cake/libs/model/datasources/dbo/dbo_mysql.php, line 411]
2009-05-16 00:24:16 Warning: Warning (2): Invalid argument supplied for foreach() in [APP/views/layouts/default.ctp, line 348]
2009-05-16 00:24:57 Warning: Warning (512): <span style = "color:Red;text-align:left"><b>SQL Error:</b> 1054: Unknown column 'latest' in 'where clause'</span> in [CORE/cake/libs/model/datasources/dbo_source.php, line 525]
2009-05-16 00:24:57 Warning: Warning (512): <span style = "color:Red;text-align:left"><b>SQL Error:</b> 1054: Unknown column 'Tag.id' in 'where clause'</span> in [CORE/cake/libs/model/datasources/dbo_source.php, line 525]
2009-05-16 00:24:57 Warning: Warning (2): Invalid argument supplied for foreach() in [APP/plugins/tagging/controllers/tags_controller.php, line 96]
2009-05-16 00:24:57 Warning: Warning (2): mysql_query() [<a href='http://php.net/function.mysql-query'>function.mysql-query</a>]: Unable to save result set in [CORE/cake/libs/model/datasources/dbo/dbo_mysql.php, line 411]
2009-05-16 00:24:57 Warning: Warning (2): Invalid argument supplied for foreach() in [APP/views/layouts/default.ctp, line 348]
2009-05-16 00:31:57 Warning: Warning (512): <span style = "color:Red;text-align:left"><b>SQL Error:</b> 1054: Unknown column 'latest' in 'where clause'</span> in [CORE/cake/libs/model/datasources/dbo_source.php, line 525]
2009-05-16 00:31:57 Warning: Warning (512): <span style = "color:Red;text-align:left"><b>SQL Error:</b> 1054: Unknown column 'Tag.id' in 'where clause'</span> in [CORE/cake/libs/model/datasources/dbo_source.php, line 525]
2009-05-16 00:31:57 Warning: Warning (2): Invalid argument supplied for foreach() in [APP/plugins/tagging/controllers/tags_controller.php, line 96]
2009-05-16 00:31:57 Warning: Warning (2): mysql_query() [<a href='http://php.net/function.mysql-query'>function.mysql-query</a>]: Unable to save result set in [CORE/cake/libs/model/datasources/dbo/dbo_mysql.php, line 411]
2009-05-16 00:31:58 Warning: Warning (2): Invalid argument supplied for foreach() in [APP/views/layouts/default.ctp, line 348]
2009-05-16 00:37:31 Warning: Warning (512): <span style = "color:Red;text-align:left"><b>SQL Error:</b> 1054: Unknown column 'latest' in 'where clause'</span> in [CORE/cake/libs/model/datasources/dbo_source.php, line 525]
2009-05-16 00:37:31 Warning: Warning (512): <span style = "color:Red;text-align:left"><b>SQL Error:</b> 1054: Unknown column 'Tag.id' in 'where clause'</span> in [CORE/cake/libs/model/datasources/dbo_source.php, line 525]
2009-05-16 00:37:31 Warning: Warning (2): Invalid argument supplied for foreach() in [APP/plugins/tagging/controllers/tags_controller.php, line 96]
2009-05-16 00:37:31 Warning: Warning (2): mysql_query() [<a href='http://php.net/function.mysql-query'>function.mysql-query</a>]: Unable to save result set in [CORE/cake/libs/model/datasources/dbo/dbo_mysql.php, line 411]
2009-05-16 00:37:31 Warning: Warning (2): Invalid argument supplied for foreach() in [APP/views/layouts/default.ctp, line 348]
2009-05-16 00:49:45 Warning: Warning (512): <span style = "color:Red;text-align:left"><b>SQL Error:</b> 1054: Unknown column 'latest' in 'where clause'</span> in [CORE/cake/libs/model/datasources/dbo_source.php, line 525]
2009-05-16 00:49:45 Warning: Warning (512): <span style = "color:Red;text-align:left"><b>SQL Error:</b> 1054: Unknown column 'Tag.id' in 'where clause'</span> in [CORE/cake/libs/model/datasources/dbo_source.php, line 525]
2009-05-16 00:49:45 Warning: Warning (2): Invalid argument supplied for foreach() in [APP/plugins/tagging/controllers/tags_controller.php, line 96]
2009-05-16 00:49:45 Warning: Warning (2): mysql_query() [<a href='http://php.net/function.mysql-query'>function.mysql-query</a>]: Unable to save result set in [CORE/cake/libs/model/datasources/dbo/dbo_mysql.php, line 411]
2009-05-16 00:49:45 Warning: Warning (2): Invalid argument supplied for foreach() in [APP/views/layouts/default.ctp, line 348]
2009-05-16 00:50:57 Warning: Warning (512): <span style = "color:Red;text-align:left"><b>SQL Error:</b> 1054: Unknown column 'latest' in 'where clause'</span> in [CORE/cake/libs/model/datasources/dbo_source.php, line 525]
2009-05-16 00:50:57 Warning: Warning (512): <span style = "color:Red;text-align:left"><b>SQL Error:</b> 1054: Unknown column 'Tag.id' in 'where clause'</span> in [CORE/cake/libs/model/datasources/dbo_source.php, line 525]
2009-05-16 00:50:57 Warning: Warning (2): Invalid argument supplied for foreach() in [APP/plugins/tagging/controllers/tags_controller.php, line 96]
2009-05-16 00:50:57 Warning: Warning (2): mysql_query() [<a href='http://php.net/function.mysql-query'>function.mysql-query</a>]: Unable to save result set in [CORE/cake/libs/model/datasources/dbo/dbo_mysql.php, line 411]
2009-05-16 00:50:58 Warning: Warning (2): Invalid argument supplied for foreach() in [APP/views/layouts/default.ctp, line 348]
2009-05-16 00:52:20 Warning: Warning (512): <span style = "color:Red;text-align:left"><b>SQL Error:</b> 1054: Unknown column 'latest' in 'where clause'</span> in [CORE/cake/libs/model/datasources/dbo_source.php, line 525]
2009-05-16 00:52:20 Warning: Warning (512): <span style = "color:Red;text-align:left"><b>SQL Error:</b> 1054: Unknown column 'Tag.id' in 'where clause'</span> in [CORE/cake/libs/model/datasources/dbo_source.php, line 525]
2009-05-16 00:52:20 Warning: Warning (2): Invalid argument supplied for foreach() in [APP/plugins/tagging/controllers/tags_controller.php, line 96]
2009-05-16 00:52:20 Warning: Warning (2): mysql_query() [<a href='http://php.net/function.mysql-query'>function.mysql-query</a>]: Unable to save result set in [CORE/cake/libs/model/datasources/dbo/dbo_mysql.php, line 411]
2009-05-16 00:52:20 Warning: Warning (2): Invalid argument supplied for foreach() in [APP/views/layouts/default.ctp, line 348]
2009-05-16 00:54:07 Warning: Warning (512): <span style = "color:Red;text-align:left"><b>SQL Error:</b> 1054: Unknown column 'latest' in 'where clause'</span> in [CORE/cake/libs/model/datasources/dbo_source.php, line 525]
2009-05-16 00:54:07 Warning: Warning (512): <span style = "color:Red;text-align:left"><b>SQL Error:</b> 1054: Unknown column 'Tag.id' in 'where clause'</span> in [CORE/cake/libs/model/datasources/dbo_source.php, line 525]
2009-05-16 00:54:07 Warning: Warning (2): Invalid argument supplied for foreach() in [APP/plugins/tagging/controllers/tags_controller.php, line 96]
2009-05-16 00:54:07 Warning: Warning (2): mysql_query() [<a href='http://php.net/function.mysql-query'>function.mysql-query</a>]: Unable to save result set in [CORE/cake/libs/model/datasources/dbo/dbo_mysql.php, line 411]
2009-05-16 00:54:07 Warning: Warning (2): Invalid argument supplied for foreach() in [APP/views/layouts/default.ctp, line 348]
2009-05-16 09:08:27 Warning: Warning (512): <span style = "color:Red;text-align:left"><b>SQL Error:</b> 1054: Unknown column 'latest' in 'where clause'</span> in [CORE/cake/libs/model/datasources/dbo_source.php, line 525]
2009-05-16 09:08:27 Warning: Warning (512): <span style = "color:Red;text-align:left"><b>SQL Error:</b> 1054: Unknown column 'Tag.id' in 'where clause'</span> in [CORE/cake/libs/model/datasources/dbo_source.php, line 525]
2009-05-16 09:08:27 Warning: Warning (2): Invalid argument supplied for foreach() in [APP/plugins/tagging/controllers/tags_controller.php, line 96]
2009-05-16 09:08:28 Warning: Warning (2): mysql_query() [<a href='http://php.net/function.mysql-query'>function.mysql-query</a>]: Unable to save result set in [CORE/cake/libs/model/datasources/dbo/dbo_mysql.php, line 411]
2009-05-16 09:08:28 Warning: Warning (2): Invalid argument supplied for foreach() in [APP/views/layouts/default.ctp, line 348]
2009-05-16 09:14:26 Warning: Warning (512): <span style = "color:Red;text-align:left"><b>SQL Error:</b> 1054: Unknown column 'latest' in 'where clause'</span> in [CORE/cake/libs/model/datasources/dbo_source.php, line 525]
2009-05-16 09:14:26 Warning: Warning (512): <span style = "color:Red;text-align:left"><b>SQL Error:</b> 1054: Unknown column 'Tag.id' in 'where clause'</span> in [CORE/cake/libs/model/datasources/dbo_source.php, line 525]
2009-05-16 09:14:26 Warning: Warning (2): Invalid argument supplied for foreach() in [APP/plugins/tagging/controllers/tags_controller.php, line 96]
2009-05-16 09:14:26 Warning: Warning (2): mysql_query() [<a href='http://php.net/function.mysql-query'>function.mysql-query</a>]: Unable to save result set in [CORE/cake/libs/model/datasources/dbo/dbo_mysql.php, line 411]
2009-05-16 09:14:27 Warning: Warning (2): Invalid argument supplied for foreach() in [APP/views/layouts/default.ctp, line 348]
2009-05-16 10:30:26 Warning: Warning (2): Missing argument 2 for Model::_findCount(), called in /Users/guillaumesautereau/Sites/almost-musique/app_model.php on line 53 and defined in [CORE/cake/libs/model/model.php, line 2013]
2009-05-16 10:31:22 Warning: Warning (512): <span style = "color:Red;text-align:left"><b>SQL Error:</b> 1054: Unknown column 'latest' in 'where clause'</span> in [CORE/cake/libs/model/datasources/dbo_source.php, line 525]
2009-05-16 10:31:22 Warning: Warning (2): Missing argument 2 for Model::_findFirst(), called in /Users/guillaumesautereau/Sites/almost-musique/app_model.php on line 53 and defined in [CORE/cake/libs/model/model.php, line 1989]
2009-05-16 10:31:22 Warning: Warning (2): Cannot modify header information - headers already sent by (output started at /Users/guillaumesautereau/Documents/workspace/popnews_v2/cake/cake/basics.php:312) in [CORE/cake/libs/error.php, line 150]
2009-05-16 10:31:22 Warning: Warning (2): mysql_query() [<a href='http://php.net/function.mysql-query'>function.mysql-query</a>]: Unable to save result set in [CORE/cake/libs/model/datasources/dbo/dbo_mysql.php, line 411]
2009-05-16 12:18:43 Warning: Warning (512): <span style = "color:Red;text-align:left"><b>SQL Error:</b> 1054: Unknown column 'latest' in 'where clause'</span> in [CORE/cake/libs/model/datasources/dbo_source.php, line 525]
2009-05-16 12:18:43 Warning: Warning (2): Missing argument 2 for Model::_findFirst(), called in /Users/guillaumesautereau/Sites/almost-musique/app_model.php on line 53 and defined in [CORE/cake/libs/model/model.php, line 1989]
2009-05-16 12:18:44 Warning: Warning (2): Cannot modify header information - headers already sent by (output started at /Users/guillaumesautereau/Documents/workspace/popnews_v2/cake/cake/basics.php:312) in [CORE/cake/libs/error.php, line 150]
2009-05-16 12:18:44 Warning: Warning (2): mysql_query() [<a href='http://php.net/function.mysql-query'>function.mysql-query</a>]: Unable to save result set in [CORE/cake/libs/model/datasources/dbo/dbo_mysql.php, line 411]
2009-05-16 12:18:52 Warning: Warning (2): Missing argument 2 for Model::_findCount(), called in /Users/guillaumesautereau/Sites/almost-musique/app_model.php on line 53 and defined in [CORE/cake/libs/model/model.php, line 2013]
2009-05-16 12:19:08 Warning: Warning (512): <span style = "color:Red;text-align:left"><b>SQL Error:</b> 1054: Unknown column 'latest' in 'where clause'</span> in [CORE/cake/libs/model/datasources/dbo_source.php, line 525]
2009-05-16 12:19:08 Warning: Warning (2): Missing argument 2 for Model::_findFirst(), called in /Users/guillaumesautereau/Sites/almost-musique/app_model.php on line 53 and defined in [CORE/cake/libs/model/model.php, line 1989]
2009-05-16 12:19:08 Warning: Warning (2): Cannot modify header information - headers already sent by (output started at /Users/guillaumesautereau/Documents/workspace/popnews_v2/cake/cake/basics.php:312) in [CORE/cake/libs/error.php, line 150]
2009-05-16 12:19:08 Warning: Warning (2): mysql_query() [<a href='http://php.net/function.mysql-query'>function.mysql-query</a>]: Unable to save result set in [CORE/cake/libs/model/datasources/dbo/dbo_mysql.php, line 411]
2009-05-16 12:27:17 Warning: Warning (2): Missing argument 2 for Model::_findFirst(), called in /Users/guillaumesautereau/Sites/almost-musique/app_model.php on line 53 and defined in [CORE/cake/libs/model/model.php, line 1989]
2009-05-16 12:27:17 Warning: Warning (2): Cannot modify header information - headers already sent by (output started at /Users/guillaumesautereau/Documents/workspace/popnews_v2/cake/cake/basics.php:312) in [CORE/cake/libs/error.php, line 150]
2009-05-16 12:27:55 Warning: Warning (2): Missing argument 2 for Model::_findFirst(), called in /Users/guillaumesautereau/Sites/almost-musique/app_model.php on line 53 and defined in [CORE/cake/libs/model/model.php, line 1989]
2009-05-16 12:27:55 Warning: Warning (2): Cannot modify header information - headers already sent by (output started at /Users/guillaumesautereau/Documents/workspace/popnews_v2/cake/cake/basics.php:312) in [CORE/cake/libs/error.php, line 150]
2009-05-16 12:28:10 Warning: Warning (2): Missing argument 2 for Model::_findCount(), called in /Users/guillaumesautereau/Sites/almost-musique/app_model.php on line 53 and defined in [CORE/cake/libs/model/model.php, line 2013]
2009-05-16 12:28:30 Warning: Warning (2): Missing argument 2 for Model::_findCount(), called in /Users/guillaumesautereau/Sites/almost-musique/app_model.php on line 50 and defined in [CORE/cake/libs/model/model.php, line 2013]
2009-05-16 12:30:00 Warning: Warning (2): unlink(/Users/guillaumesautereau/Sites/almost-musique/tmp/cache/cake_toolbar_cache704722b76e2e79502ce548078efc594a) [<a href='http://php.net/function.unlink'>function.unlink</a>]: No such file or directory in [CORE/cake/libs/file.php, line 292]
2009-05-16 12:30:00 Warning: Warning (2): Cannot modify header information - headers already sent by (output started at /Users/guillaumesautereau/Documents/workspace/popnews_v2/cake/cake/basics.php:111) in [CORE/cake/dispatcher.php, line 640]
2009-05-16 12:30:00 Warning: Warning (2): Cannot modify header information - headers already sent by (output started at /Users/guillaumesautereau/Documents/workspace/popnews_v2/cake/cake/basics.php:111) in [CORE/cake/dispatcher.php, line 641]
2009-05-16 12:30:00 Warning: Warning (2): Cannot modify header information - headers already sent by (output started at /Users/guillaumesautereau/Documents/workspace/popnews_v2/cake/cake/basics.php:111) in [CORE/cake/dispatcher.php, line 642]
2009-05-16 12:30:00 Warning: Warning (2): Cannot modify header information - headers already sent by (output started at /Users/guillaumesautereau/Documents/workspace/popnews_v2/cake/cake/basics.php:111) in [CORE/cake/dispatcher.php, line 643]
2009-05-16 12:30:00 Warning: Warning (2): Cannot modify header information - headers already sent by (output started at /Users/guillaumesautereau/Documents/workspace/popnews_v2/cake/cake/basics.php:111) in [CORE/cake/dispatcher.php, line 644]
2009-05-16 12:30:04 Warning: Warning (512): <span style = "color:Red;text-align:left"><b>SQL Error:</b> 1054: Unknown column 'Tag.id' in 'where clause'</span> in [CORE/cake/libs/model/datasources/dbo_source.php, line 525]
2009-05-16 12:30:04 Warning: Warning (2): Invalid argument supplied for foreach() in [APP/plugins/tagging/controllers/tags_controller.php, line 96]
2009-05-16 12:30:04 Warning: Warning (2): mysql_query() [<a href='http://php.net/function.mysql-query'>function.mysql-query</a>]: Unable to save result set in [CORE/cake/libs/model/datasources/dbo/dbo_mysql.php, line 411]
2009-05-16 13:31:50 Warning: Warning (2): Missing argument 2 for Model::_findCount(), called in /Users/guillaumesautereau/Sites/almost-musique/app_model.php on line 50 and defined in [CORE/cake/libs/model/model.php, line 2013]
2009-05-16 13:32:43 Warning: Warning (2): Missing argument 2 for Model::_findCount(), called in /Users/guillaumesautereau/Sites/almost-musique/app_model.php on line 50 and defined in [CORE/cake/libs/model/model.php, line 2013]
2009-05-16 13:33:10 Warning: Warning (2): Missing argument 2 for Model::_findCount(), called in /Users/guillaumesautereau/Sites/almost-musique/app_model.php on line 50 and defined in [CORE/cake/libs/model/model.php, line 2013]
2009-05-16 13:33:52 Warning: Warning (2): Missing argument 2 for Model::_findCount(), called in /Users/guillaumesautereau/Sites/almost-musique/app_model.php on line 50 and defined in [CORE/cake/libs/model/model.php, line 2013]
2009-05-16 13:34:16 Warning: Warning (2): Missing argument 2 for Model::_findCount(), called in /Users/guillaumesautereau/Sites/almost-musique/app_model.php on line 50 and defined in [CORE/cake/libs/model/model.php, line 2013]
2009-05-16 13:35:15 Warning: Warning (2): Missing argument 2 for Model::_findCount(), called in /Users/guillaumesautereau/Sites/almost-musique/app_model.php on line 50 and defined in [CORE/cake/libs/model/model.php, line 2013]
2009-05-16 13:35:26 Warning: Warning (2): Missing argument 2 for Model::_findCount(), called in /Users/guillaumesautereau/Sites/almost-musique/app_model.php on line 50 and defined in [CORE/cake/libs/model/model.php, line 2013]
2009-05-16 14:29:08 Warning: Warning (2): Missing argument 2 for Model::_findCount(), called in /Users/guillaumesautereau/Sites/almost-musique/app_model.php on line 50 and defined in [CORE/cake/libs/model/model.php, line 2013]
2009-05-16 14:32:55 Warning: Warning (2): Missing argument 2 for Model::_findCount(), called in /Users/guillaumesautereau/Sites/almost-musique/app_model.php on line 51 and defined in [CORE/cake/libs/model/model.php, line 2013]
2009-05-16 15:48:46 Warning: Warning (2): Missing argument 2 for Model::_findCount(), called in /Users/guillaumesautereau/Sites/almost-musique/app_model.php on line 51 and defined in [CORE/cake/libs/model/model.php, line 2013]
2009-05-20 23:10:50 Warning: Warning (2): Cannot modify header information - headers already sent by (output started at /Users/guillaumesautereau/Documents/workspace/popnews_v2/cake/cake/basics.php:111) in [CORE/cake/libs/controller/controller.php, line 640]
2009-05-21 12:55:23 Warning: Warning (512): Medium::make - Instruction DocumentMedium::convert() failed. in [APP/plugins/media/vendors/medium/medium.php, line 291]
2009-05-21 12:55:23 Warning: Warning (512): MediaBehavior::make - Failed to make version xxs of medium. in [APP/plugins/media/models/behaviors/media.php, line 309]
2009-05-21 12:55:23 Warning: Warning (512): MediaBehavior::make - Failed to make version s of medium. in [APP/plugins/media/models/behaviors/media.php, line 309]
2009-05-21 12:55:23 Warning: Warning (512): MediaBehavior::make - Failed to make version m of medium. in [APP/plugins/media/models/behaviors/media.php, line 309]
2009-05-21 12:56:52 Warning: Warning (512): Medium::make - Instruction DocumentMedium::convert() failed. in [APP/plugins/media/vendors/medium/medium.php, line 291]
2009-05-21 12:56:52 Warning: Warning (512): MediaBehavior::make - Failed to make version xxs of medium. in [APP/plugins/media/models/behaviors/media.php, line 309]
2009-05-21 12:56:53 Warning: Warning (512): MediaBehavior::make - Failed to make version s of medium. in [APP/plugins/media/models/behaviors/media.php, line 309]
2009-05-21 12:56:53 Warning: Warning (512): MediaBehavior::make - Failed to make version m of medium. in [APP/plugins/media/models/behaviors/media.php, line 309]
